C51 COMPILER V7.50   DVR_LCD_SDI1621                                                       09/20/2022 11:21:33 PAGE 1   


C51 COMPILER V7.50, COMPILATION OF MODULE DVR_LCD_SDI1621
OBJECT MODULE PLACED IN dvr_lcd_SDI1621.obj
COMPILER INVOKED BY: C:\Keil\C51\BIN\C51.EXE _display\dvr_lcd_SDI1621.c LARGE BROWSE DEBUG OBJECTEXTEND PRINT(.\dvr_lcd_
                    -SDI1621.lst) OBJECT(dvr_lcd_SDI1621.obj)

line level    source

   1          //Creado por Eriberto Romero Hernandez
   2          //Modificado en Sep 22 
   3          #include "./_display/dvr_lcd_SDI1621.h"
   4          
   5          #include <stdio.h>
   6          #include <string.h>
   7          
   8                  SOLIDIC Display;
   9          
  10                  void write_lcd(SOLIDIC Display);
  11                  void LCD_GLASS_Update(void);
  12          
  13          #if DISPLAY_20400047_EN > 0     
  14          const unsigned char cNumber_LCD[10] = { 
  15                          0x5F, //        01011111,       //0
  16                          0x50,   //      01010000,       //1
  17                          0x3D,   //      00111101,               //2
  18                          0x79,   //      01111001,       //3
  19                          0x72,   //      01110010,       //4
  20                          0x6B,   //      01101011,               //5
  21                          0x6F,   //      01101111,               //6
  22                          0x51,   //      01010001,               //7
  23                          0x7F,   //      01111111,               //8
  24                          0X73};//        01110011                //9
  25          
  26          const unsigned char cABC_LCD[28] = {
  27                          0x77,   //      01110111,       //A
  28                          0x6E,   //      01101110,       //b
  29                          0x0F,   //      00001111,       //C
  30                          0x7C,   //      01111100,       //d
  31                          0x2F,   //      00101111, //E
  32                          0x27,   //      00100111,       //F
  33                          0x6F,   //      01101111,       //G
  34                          0x76,   //      01110110,       //H
  35                          0x50,   //      01010000,       //I
  36                          0x5C,   //      01011100,       //J
  37                          0x36,   //      00110110,       //K
  38                          0x0E,   //      00001110,       //L
  39                          0x00,   //      00000000,       //M
  40                          0x64,   //      01100100,       //n
  41                          0x5F,   //      01011111,       //O
  42                          0x37,   //      00110111,       //P
  43                          0x73,   //      01110011,       //q
  44                          0x24,   //      00100100,       //r
  45                          0x6B,   //      01101011,       //S
  46                          0x2E,   //      00101110,       //T
  47                          0x5E,   //      01011110,       //U
  48                          0x4C,   //      01001100,       //V
  49                          0x00,   //      00000000,       //W
  50                          0x00,   //      00000000,       //X
  51                          0x72,   //      01110010,       //Y
  52                          0x3D,   //      00111101,       //Z
  53                          0x20};//        00100000        //-
  54          
C51 COMPILER V7.50   DVR_LCD_SDI1621                                                       09/20/2022 11:21:33 PAGE 2   

  55          #define S_ZERO      0
  56          #define P_PESO_3    1
  57          #define P_PESO_2    2
  58          #define P_PESO_1    3
  59          #define S_TARE      4           
  60          #define S_14        5
  61          #define S_34        6
  62          #define P_TOTAL_2   7
  63          #define P_TOTAL_1   8           
  64          #define S_24        9
  65          #define S_44        10
  66          #define S_Y         11
  67          #define P_PRECIO_3  12
  68          #define P_PRECIO_2  13
  69          #define P_PRECIO_1  14
  70          #define S_X         15
  71                          
  72                  
  73          #else
              const unsigned char cNumber_LCD[10] = { 
                              0x7D, //        01111101,       //0
                              0x60,   //      01100000,       //1
                              0x3E,   //      00111110,               //2
                              0x7A,   //      01111010,       //3
                              0x63,   //      01100011,       //4
                              0x5B,   //      01011011,               //5
                              0x5F,   //      01011111,               //6
                              0x70,   //      01110000,               //7
                              0x7F,   //      01111111,               //8
                              0x7B};  //      01111011                //9
              
              const unsigned char cABC_LCD[28] = {
                              0x77,   //      01110111,       //A
                              0x4F,   //      01001111,       //b
                              0x1D,   //      00011101,       //C
                              0x6E,   //      01101110,       //d
                              0x1F,   //      00011111, //E
                              0x17,   //      00010111,       //F
                              0x5F,   //      01011111,       //G
                              0x67,   //      01100111,       //H
                              0x60,   //      01100000,       //I
                              0x6C,   //      01101000,       //J
                              0x27,   //      01100111,       //K
                              0x0D,   //      00001101,       //L
                              0x00,   //      01000110,       //M
                              0x46,   //      01000110,       //n
                              0x7D,   //      01111101,       //O
                              0x37,   //      00110111,       //P
                              0x73,   //      01110011,       //q
                              0x06,   //      00000110,       //R
                              0x5B,   //      01011011,       //S
                              0x0F,   //      00001111,       //T
                              0x6D,   //      01101101,       //U
                              0x4C,   //      01001100,       //V
                              0x00,   //      01001100,       //W
                              0x00,   //      00001000,       //X
                              0x27,   //      00100111,       //Y
                              0x3E,   //      00111110,       //Z
                              0x02};//        00000010        //-
              
              
              
C51 COMPILER V7.50   DVR_LCD_SDI1621                                                       09/20/2022 11:21:33 PAGE 3   

              #define P_PESO_3    6
              #define P_PESO_2    7
              #define P_PESO_1    8
              #define P_PRECIO_2  1
              #define P_PRECIO_1  2
              #define P_TOTAL_2   9
              #define P_TOTAL_1   3           
              #define S_ZERO      12
              #define S_X         14
              #define S_Y         15  
                              
              #define S_KG        11
              #define S_LB        10          
              #define S_NET       13
              
              #endif
 133          
 134                  // función de retardo 10us
 135          void delay_35u(void){   
 136   1              unsigned int j;
 137   1              for(j= 0;j<5;j++);
 138   1      }       
 139          
 140          //****************************************************
 141          // Controlador LCD 1621 bloque compilación condicional ------ comenzar -------
 142          //****************************************************
 143          void lcd_unit_write(unsigned char d){
 144   1              unsigned char i;
 145   1              for(i=0;i<8;i++){
 146   2                      if( ( d & 0x80 ) == 0 ) LCD_DATA_OFF;
 147   2                      else LCD_DATA_ON;
 148   2                      LCD_WR_N_OFF;   
 149   2                      delay_35u();    
 150   2          LCD_WR_N_ON;                        
 151   2                      delay_35u();            
 152   2                      d <<= 1;                
 153   2              }
 154   1      }
 155          
 156          
 157          
 158          unsigned int iLCD_GLASS_Init(void){//int i,j,k;
 159   1              LCD_CS_N_ON;
 160   1              LCD_WR_N_ON;
 161   1              LCD_DATA_ON;
 162   1              delay_35u();
 163   1              delay_35u();    
 164   1              
 165   1              Display.mode=LCD_COMAND;
 166   1              
 167   1              Display.cmd=SYS_EN;
 168   1              write_lcd(Display);//Turn on system oscillator
 169   1              
 170   1              Display.cmd=LCD_ON;     
 171   1              write_lcd(Display);//Turn on LCD bias generator         
 172   1              
 173   1              Display.cmd=BIAS_4;     
 174   1              write_lcd(Display);//LCD 1/2 bias option
 175   1              
 176   1              Display.cmd=COM_4;      
 177   1              write_lcd(Display);//LCD 1/3 bias option 
 178   1                      
C51 COMPILER V7.50   DVR_LCD_SDI1621                                                       09/20/2022 11:21:33 PAGE 4   

 179   1              Display.mode=LCD_DATA;
 180   1              Display.addr=0;
 181   1              Display.counter=sizeof(Display.LCD_BUF);
 182   1              memset(Display.LCD_BUF, 0x00, sizeof(Display.LCD_BUF));
 183   1              write_lcd(Display);//Write data to the RAM 
 184   1              
 185   1              return 0;
 186   1      }
 187          
 188          
 189          
 190          // función de escritura LCD
 191          // modo:
 192          // 0: Entrada de comando
 193          // 1: actualizar todas las áreas
 194          // cmd: comando de codificación
 195          // ---- Nota: Mostrar la función de la tecla de interrupción ET0 en la función - (Cuando el programa no
             - necesita abrir la interrupción T0, preste especial atención para evitar que la función de pantalla abra accidentalme
             -nte la interrupción T0)
 196          
 197          void write_lcd(SOLIDIC Display){//char mode,unsigned char cmd,unsigned char addr,unsigned char counter)
 198   1              unsigned char i=0;      
 199   1              
 200   1              //HAL_NVIC_DisableIRQ(TIM14_IRQn);
 201   1              
 202   1      /*      if(strTimer.cFLag_TimerF_On ==  1 && eAccionScale != scalePreOnDc){//contador autoapagado 15m
 203   1                      if(strTimer.iTimerF > 36){
 204   1                              strTimer.iTimerF-=35;
 205   1                      }
 206   1              }
 207   1              
 208   1              if(strTimer.cFLag_TimerI_On && srFlagScale.bSourceVoltage == SOURCE_BATTERY){ //contador apagado backlite
             - 15seg
 209   1                      if(strTimer.iTimerI > 36){
 210   1                              strTimer.iTimerI-=35;                   
 211   1                      }
 212   1              }*/
 213   1              
 214   1              LCD_CS_N_ON;
 215   1              LCD_WR_N_ON;
 216   1              LCD_DATA_ON;    
 217   1              delay_35u();            
 218   1              LCD_CS_N_OFF;// LCD_DATA_ON;
 219   1              delay_35u();
 220   1              LCD_WR_N_OFF;
 221   1              delay_35u();
 222   1              LCD_WR_N_ON;
 223   1              delay_35u();
 224   1              LCD_DATA_OFF;
 225   1              LCD_WR_N_OFF;
 226   1              delay_35u();
 227   1              LCD_WR_N_ON;
 228   1              delay_35u();
 229   1              if(Display.mode==0)
 230   1                      LCD_DATA_OFF;
 231   1              else 
 232   1                      LCD_DATA_ON;
 233   1              LCD_WR_N_OFF;
 234   1              delay_35u();
 235   1              LCD_WR_N_ON;
 236   1              delay_35u();
 237   1      
C51 COMPILER V7.50   DVR_LCD_SDI1621                                                       09/20/2022 11:21:33 PAGE 5   

 238   1              if(Display.mode == 0){
 239   2                      lcd_unit_write(Display.cmd);            
 240   2                      LCD_WR_N_OFF;
 241   2                      delay_35u();
 242   2                      LCD_WR_N_ON;
 243   2                      delay_35u();
 244   2              }
 245   1              else 
 246   1              {               
 247   2                      Display.addr = 0;
 248   2                      for(i=0;i<6;i++){       // 数据写入命令,发送首地址  Comando de escritura de datos, enviar la primera direcció
             -n
 249   3                              LCD_WR_N_OFF;                   
 250   3                              if( (Display.addr & 0x80) == 0 ) 
 251   3                                      LCD_DATA_OFF;
 252   3                        else 
 253   3                                      LCD_DATA_ON;
 254   3                              delay_35u();
 255   3                              LCD_WR_N_ON;
 256   3                              delay_35u();
 257   3                              Display.addr <<= 1;
 258   3                      }               
 259   2                      for(i=0;i<16;i++)       // 数据写入命令,发送数据  Comando de escritura de datos, enviar datos
 260   2                              lcd_unit_write(Display.LCD_BUF[15 - i]);                
 261   2              }
 262   1              LCD_CS_N_ON;
 263   1              LCD_DATA_ON;
 264   1              LCD_WR_N_ON;    
 265   1              delay_35u();
 266   1              
 267   1              //HAL_GPIO_WritePin(GPIOC, TARA_IN_Pin, GPIO_PIN_RESET);
 268   1              
 269   1              //HAL_NVIC_EnableIRQ(TIM14_IRQn);       
 270   1      }
 271          
 272          unsigned int iLCD_GLASS_DeInit(void){   
 273   1              Display.mode=LCD_DATA;
 274   1              Display.addr=0;
 275   1              Display.counter=sizeof(Display.LCD_BUF);        
 276   1              
 277   1              memset(Display.LCD_BUF, 0x00, sizeof(Display.LCD_BUF));//InitLCDBuf(0);
 278   1              write_lcd(Display);//Write data to the RAM
 279   1              
 280   1              Display.mode=LCD_COMAND;
 281   1              
 282   1              Display.cmd=LCD_OFF;    
 283   1              write_lcd(Display);//Turn off LCD bias generator        
 284   1              
 285   1              Display.cmd=SYS_DIS;
 286   1              write_lcd(Display);//Turn off system oscillator
 287   1              
 288   1              return 1;
 289   1      }
 290          
 291          /*
 292          */
 293          unsigned int iLCD_GLASS_Clear(void){    
 294   1              Display.mode=LCD_DATA;
 295   1              Display.addr=0;
 296   1              Display.counter=sizeof(Display.LCD_BUF);        
 297   1              memset(Display.LCD_BUF, 0x00, sizeof(Display.LCD_BUF));//InitLCDBuf(0);
 298   1              write_lcd(Display);//Write data to the RAM
C51 COMPILER V7.50   DVR_LCD_SDI1621                                                       09/20/2022 11:21:33 PAGE 6   

 299   1              return 1;
 300   1      }
 301          
 302          /*
 303          */
 304          unsigned int iLCD_GLASS_All_On(void){
 305   1              Display.mode=LCD_DATA;
 306   1              Display.addr=0;
 307   1              Display.counter=sizeof(Display.LCD_BUF);        
 308   1              memset(Display.LCD_BUF, 0xFF, sizeof(Display.LCD_BUF));
 309   1              write_lcd(Display);     
 310   1              return 1;
 311   1      }
 312          
 313          
 314          
 315          void LCD_SET_Char(unsigned char cCaracter, unsigned char cPosition_On_LCD, 
 316                  char cPosition_Text){
 317   1                      char i=0;
 318   1                      #if DISPLAY_20400047_EN > 0                     
 319   1                      if(cPosition_On_LCD==LCD_PESO)i=0;
 320   1                      if(cPosition_On_LCD==LCD_PRECIO)i=11;
 321   1                      if(cPosition_On_LCD==LCD_TOTAL) i=5;            
 322   1                      #else
                                if(cPosition_On_LCD==LCD_PESO)i=5;
                                if(cPosition_On_LCD==LCD_PRECIO)i=0;
                                if(cPosition_On_LCD==LCD_TOTAL) i=10;         
                              #endif
 327   1                      i+=(5-cPosition_Text);
 328   1                      Display.LCD_BUF[i]&=0x80;       
 329   1                Display.LCD_BUF[i]|=cCaracter;
 330   1              
 331   1      }
 332          
 333          
 334          void LCD_GLASS_Dot(unsigned char iNumber_Dot, unsigned char cPosition_On_LCD, unsigned char cFLag_On){
 335   1              
 336   1              switch(cPosition_On_LCD){
 337   2                      case LCD_PESO:
 338   2                              if(iNumber_Dot == 3){                         
 339   3                                      if(cFLag_On == 1)
 340   3                                        Display.LCD_BUF[P_PESO_3]|=0x80;
 341   3                          else
 342   3                                        Display.LCD_BUF[P_PESO_3]&=0x7F;
 343   3                              }
 344   2                              if(iNumber_Dot == 2){
 345   3              if(cFLag_On == 1)
 346   3                                        Display.LCD_BUF[P_PESO_2]|=0x80;
 347   3                          else
 348   3                                        Display.LCD_BUF[P_PESO_2]&=0x7F;
 349   3                      
 350   3                              }
 351   2                              if(iNumber_Dot == 1){
 352   3              if(cFLag_On == 1)
 353   3                                        Display.LCD_BUF[P_PESO_1]|=0x80;
 354   3                          else
 355   3                                        Display.LCD_BUF[P_PESO_1]&=0x7F;
 356   3                              }               
 357   2                              break;
 358   2                      case LCD_PRECIO:
 359   2                              #if DISPLAY_20400047_EN > 0     
 360   2                              if(iNumber_Dot == 3){
C51 COMPILER V7.50   DVR_LCD_SDI1621                                                       09/20/2022 11:21:33 PAGE 7   

 361   3                if(cFLag_On == 1)
 362   3                                          Display.LCD_BUF[P_PRECIO_3]|=0x80;
 363   3                            else
 364   3                                          Display.LCD_BUF[P_PRECIO_3]&=0x7F;          
 365   3                                 }
 366   2                              #endif
 367   2                              if(iNumber_Dot == 2){
 368   3              if(cFLag_On == 1)
 369   3                                        Display.LCD_BUF[P_PRECIO_2]|=0x80;
 370   3                          else
 371   3                                        Display.LCD_BUF[P_PRECIO_2]&=0x7F;            
 372   3                              }
 373   2                              if(iNumber_Dot == 1){
 374   3              if(cFLag_On == 1)
 375   3                                        Display.LCD_BUF[P_PRECIO_1]|=0x80;
 376   3                          else
 377   3                                        Display.LCD_BUF[P_PRECIO_1]&=0x7F;
 378   3                              }                       
 379   2                              break;
 380   2                              
 381   2                      case LCD_TOTAL:
 382   2                              if(iNumber_Dot == 2){
 383   3              if(cFLag_On == 1)
 384   3                                        Display.LCD_BUF[P_TOTAL_2]|=0x80;
 385   3                          else
 386   3                                        Display.LCD_BUF[P_TOTAL_2]&=0x7F;             
 387   3                              }
 388   2                              if(iNumber_Dot == 1){
 389   3              if(cFLag_On == 1)
 390   3                                        Display.LCD_BUF[P_TOTAL_1]|=0x80;
 391   3                          else
 392   3                                        Display.LCD_BUF[P_TOTAL_1]&=0x7F;
 393   3                              }
 394   2                      break;
 395   2              }
 396   1              
 397   1              LCD_GLASS_Update();
 398   1      }
 399          
 400          
 401          void LCD_GLASS_Symbols(unsigned char cSymbol, unsigned char cFlag_On){
 402   1              
 403   1              //if(cFlag_On!=0&&cFlag_On!=1)vSend_String_Usart(&huart1,"-------------ERROR------------\r\n");
 404   1      
 405   1              switch(cSymbol){        
 406   2                      #if DISPLAY_20400047_EN > 0     
 407   2                      
 408   2                      case 10:  //vSend_String_Usart(&huart1,"1/4 ");
 409   2                              if(cFlag_On == 1)
 410   2                                      Display.LCD_BUF[S_14]|=0x80;
 411   2                              else
 412   2                                      Display.LCD_BUF[S_14]&=0x7F;    
 413   2                              break;  
 414   2                              case 7: // vSend_String_Usart(&huart1,"2/4 ");
 415   2                                      if(cFlag_On == 1)
 416   2                                      Display.LCD_BUF[S_24]|=0x80;
 417   2                              else
 418   2                                      Display.LCD_BUF[S_24]&=0x7F;    
 419   2                              break;  
 420   2                              case 8:  //vSend_String_Usart(&huart1,"3/4");
 421   2                              if(cFlag_On == 1)
 422   2                                      Display.LCD_BUF[S_34]|=0x80;
C51 COMPILER V7.50   DVR_LCD_SDI1621                                                       09/20/2022 11:21:33 PAGE 8   

 423   2                              else
 424   2                                      Display.LCD_BUF[S_34]&=0x7F;    
 425   2                              break;  
 426   2                              case 9:  //vSend_String_Usart(&huart1,"4/4");
 427   2                              if(cFlag_On == 1)
 428   2                                      Display.LCD_BUF[S_44]|=0x80;
 429   2                              else
 430   2                                      Display.LCD_BUF[S_44]&=0x7F;    
 431   2                              break;  
 432   2                              case SYMBOL_NET:  //vSend_String_Usart(&huart1,"SYMBOL_NET");
 433   2                              if(cFlag_On == 1)
 434   2                                      Display.LCD_BUF[S_TARE]|=0x80;
 435   2                              else
 436   2                                      Display.LCD_BUF[S_TARE]&=0x7F;  
 437   2                              break;  
 438   2                      
 439   2          #else               
                              case SYMBOL_KG:                 //vSend_String_Usart(&huart1,"SYMBOL_KG");
                                      if(cFlag_On == 1)
                                              Display.LCD_BUF[S_KG]|=0x80;
                                      else
                                              Display.LCD_BUF[S_KG]&=0x7F;                    
                                      break;
                              case SYMBOL_LB:                 //vSend_String_Usart(&huart1,"SYMBOL_LB");
                                      if(cFlag_On == 1)
                                              Display.LCD_BUF[S_LB]|=0x80;
                                      else
                                              Display.LCD_BUF[S_LB]&=0x7F;
                                      break;  
                              case SYMBOL_NET:  //vSend_String_Usart(&huart1,"SYMBOL_NET");
                                      if(cFlag_On == 1)
                                              Display.LCD_BUF[S_NET]|=0x80;
                                      else
                                              Display.LCD_BUF[S_NET]&=0x7F;   
                                      break;          
                              #endif
 459   2                      
 460   2                              /*case SYMBOL_TARE:  vSend_String_Usart(&huart1,"SYMBOL_TARE\r\n");
 461   2                              if(cFlag_On == 1)
 462   2                                      Display.LCD_BUF[S_TARE]|=0x80;
 463   2                              else
 464   2                                      Display.LCD_BUF[S_TARE]&=0x7F;  
 465   2                              break;  */
 466   2                              
 467   2                              case SYMBOL_ZERO:  //vSend_String_Usart(&huart1,"SYMBOL_ZERO");
 468   2                              if(cFlag_On == 1)
 469   2                                      Display.LCD_BUF[S_ZERO]|=0x80;
 470   2                              else
 471   2                                      Display.LCD_BUF[S_ZERO]&=0x7F;  
 472   2                              break;          
 473   2                              
 474   2                              
 475   2                              
 476   2                              case SYMBOL_X:  //vSend_String_Usart(&huart1,"SYMBOL_X");
 477   2                              if(cFlag_On == 1)
 478   2                                      Display.LCD_BUF[S_X]|=0x80;
 479   2                              else
 480   2                                      Display.LCD_BUF[S_X]&=0x7F;     
 481   2                              break;  
 482   2                              
 483   2                              case SYMBOL_Y:  //vSend_String_Usart(&huart1,"SYMBOL_Y");
 484   2                              if(cFlag_On == 1)
C51 COMPILER V7.50   DVR_LCD_SDI1621                                                       09/20/2022 11:21:33 PAGE 9   

 485   2                                      Display.LCD_BUF[S_Y]|=0x80;
 486   2                              else
 487   2                                      Display.LCD_BUF[S_Y]&=0x7F;     
 488   2                              break;          
 489   2                      
 490   2                                                              
 491   2                              
 492   2                      case SYMBOL_ALL:  //vSend_String_Usart(&huart1,"SYMBOL_ALL");   
 493   2                              if(cFlag_On==1){
 494   3                                #if DISPLAY_20400047_EN > 0   
 495   3                      Display.LCD_BUF[S_14]|=0x80;
 496   3                      Display.LCD_BUF[S_24]|=0x80;
 497   3                      Display.LCD_BUF[S_34]|=0x80;
 498   3                      Display.LCD_BUF[S_44]|=0x80;    
 499   3                              #else
                              Display.LCD_BUF[S_LB]|=0x80;
                              Display.LCD_BUF[S_KG]|=0x80;            
                              Display.LCD_BUF[S_NET]|=0x80;   
                    #endif                                    
 504   3                      Display.LCD_BUF[S_ZERO]|=0x80;
 505   3                      Display.LCD_BUF[S_Y]|=0x80;
 506   3                      Display.LCD_BUF[S_X]|=0x80;     
 507   3                                      
 508   3                              }
 509   2                              else{
 510   3                                      #if DISPLAY_20400047_EN > 0     
 511   3                      Display.LCD_BUF[S_14]&=0x7F;
 512   3                      Display.LCD_BUF[S_24]&=0x7F;
 513   3                      Display.LCD_BUF[S_34]&=0x7F;
 514   3                      Display.LCD_BUF[S_44]&=0x7F;    
 515   3                              #else           
                        Display.LCD_BUF[S_LB]&=0x7F;
                              Display.LCD_BUF[S_KG]&=0x7F;            
                              Display.LCD_BUF[S_NET]&=0x7F;   
                    #endif                                    
 520   3                      Display.LCD_BUF[S_ZERO]&=0x7F;
 521   3                      Display.LCD_BUF[S_Y]&=0x7F;
 522   3                      Display.LCD_BUF[S_X]&=0x7F;     
 523   3                              }
 524   2                              
 525   2                                      
 526   2                      break;
 527   2      
 528   2              }
 529   1              
 530   1      /*      if(cSymbol==SYMBOL_TARE){
 531   1              if(cFlag_On == 1)
 532   1                              vSend_String_Usart(&huart1,"  on\r\n ");
 533   1                              else
 534   1                              vSend_String_Usart(&huart1,"  off\r\n ");
 535   1                      }*/
 536   1              
 537   1              Display.mode=LCD_DATA;
 538   1              Display.addr=0;
 539   1              Display.counter=sizeof(Display.LCD_BUF);        
 540   1              LCD_GLASS_Update();
 541   1      }
 542          
 543          /**
 544                  ******************************************************************************
 545            * Objetivo: Mostrar en LCD numero con formato float.
 546            * Parametros entrada: Numero, numero de decimales, posicion en la LCD, e
C51 COMPILER V7.50   DVR_LCD_SDI1621                                                       09/20/2022 11:21:33 PAGE 10  

 547                  *               indicacion de punto flotante.
 548                  * Parametros Salida: Ninguno.
 549            * Prerequisitos: 
 550            ***
 551          */
 552          
 553          
 554          
 555          
 556          
 557          
 558          
 559          
 560          
 561          
 562          
 563          
 564          
 565          
 566          
 567          void LCD_GLASS_Float(float fNumber_To_LCD, char iNumber_Decimal, char cPosition_On_LCD){
 568   1              
 569   1              char strText_LCD[8] = {0,0,0,0,0,0,0,0};
 570   1              
 571   1      
 572   1              switch(iNumber_Decimal){
 573   2                      case 0:
 574   2                              if(cPosition_On_LCD == LCD_TOTAL){
 575   3                                      sprintf(strText_LCD, "%6.0lf", fNumber_To_LCD);
 576   3                              }else{
 577   3                                      sprintf(strText_LCD, "%5.0lf", fNumber_To_LCD);
 578   3                              }
 579   2                              break;
 580   2                      
 581   2                      case 1:
 582   2                              if(cPosition_On_LCD == LCD_TOTAL){
 583   3                                      sprintf(strText_LCD, "%7.1lf", fNumber_To_LCD);
 584   3                              }else{
 585   3                                      sprintf(strText_LCD, "%6.1lf", fNumber_To_LCD);
 586   3                              }
 587   2                              break;
 588   2                      
 589   2                      case 2:
 590   2                              if(cPosition_On_LCD == LCD_TOTAL){
 591   3                                      sprintf(strText_LCD, "%7.2lf", fNumber_To_LCD); 
 592   3                              }else{
 593   3                                      sprintf(strText_LCD, "%6.2lf", fNumber_To_LCD);
 594   3                              }
 595   2                              break;
 596   2                      
 597   2                      case 3:
 598   2                              if(cPosition_On_LCD == LCD_TOTAL){
 599   3                                      sprintf(strText_LCD, "%7.3lf", fNumber_To_LCD);
 600   3                              }else{
 601   3                                      sprintf(strText_LCD, "%6.3lf", fNumber_To_LCD);
 602   3                              }
 603   2                              break;
 604   2              }
 605   1              
 606   1              LCD_GLASS_String(strText_LCD, cPosition_On_LCD);
 607   1      }
 608          
C51 COMPILER V7.50   DVR_LCD_SDI1621                                                       09/20/2022 11:21:33 PAGE 11  

 609          
 610          
 611          
 612          
 613          
 614          
 615          
 616          
 617          
 618          
 619          
 620          
 621                  
 622          /**
 623                  ******************************************************************************
 624            * Objetivo: Mostrar en LCD texto.
 625            * Parametros entrada: Texo y posicion en la LCD.
 626                  * Parametros Salida: Ninguno.
 627            * Prerequisitos: 
 628            ***
 629          */
 630          
 631          void LCD_GLASS_String(char *pCaracter, char cPosition_On_LCD){
 632   1              char iIndex_Text = 5;
 633   1              char iPosicion_Decimal = 0;
 634   1              //char txt[30];
 635   1              /*vSend_String_USB("\r\n");     
 636   1              if(cPosition_On_LCD==LCD_TOTAL)   vSend_String_USB("LCD_TOTAL=  ");
 637   1              if(cPosition_On_LCD==LCD_PRECIO)        vSend_String_USB("LCD_PRECIO= ");
 638   1              if(cPosition_On_LCD==LCD_PESO)    vSend_String_USB("LCD_PESO=   ");     
 639   1              vSend_String_USB(pCaracter);vSend_String_USB("\r\n");   */
 640   1              
 641   1              /*if(cPosition_On_LCD==LCD_TOTAL)         vSend_String_Usart(&huart1,"LCD_TOTAL=  ");
 642   1              if(cPosition_On_LCD==LCD_PRECIO)        vSend_String_Usart(&huart1,"LCD_PRECIO= ");
 643   1              if(cPosition_On_LCD==LCD_PESO)    vSend_String_Usart(&huart1,"LCD_PESO=   ");   
 644   1              vSend_String_Usart(&huart1,pCaracter);vSend_String_Usart(&huart1,"\r\n");       
 645   1              */
 646   1      
 647   1              if(cPosition_On_LCD==LCD_TOTAL) {Display.LCD_BUF[P_TOTAL_2]&=0x7F;Display.LCD_BUF[P_TOTAL_1]&=0x7F;}
 648   1        if(cPosition_On_LCD==LCD_PRECIO){
 649   2              #if DISPLAY_20400047_EN > 0     
 650   2                              Display.LCD_BUF[P_PRECIO_3]&=0x7F;
 651   2              #endif
 652   2              Display.LCD_BUF[P_PRECIO_2]&=0x7F;Display.LCD_BUF[P_PRECIO_1]&=0x7F;}
 653   1              if(cPosition_On_LCD==LCD_PESO)  {Display.LCD_BUF[P_PESO_3]&=0x7F;Display.LCD_BUF[P_PESO_2]&=0x7F;Display.L
             -CD_BUF[P_PESO_1]&=0x7F;}              
 654   1      
 655   1              while(*(pCaracter) != 0){
 656   2                      
 657   2                      if(*(pCaracter) >= '0' && *(pCaracter) <= '9'){                 
 658   3                              LCD_SET_Char(cNumber_LCD[*(pCaracter)-'0'], cPosition_On_LCD, iIndex_Text--);                   
 659   3                      }
 660   2                      
 661   2                      if(*(pCaracter) == '-'){
 662   3                              LCD_SET_Char(cABC_LCD[26], cPosition_On_LCD, iIndex_Text--);                    
 663   3                      }
 664   2                      
 665   2                      if(*(pCaracter) == ' '){
 666   3                              LCD_SET_Char(0x0, cPosition_On_LCD, iIndex_Text);
 667   3                              iIndex_Text--;                  
 668   3                      }
 669   2                      
C51 COMPILER V7.50   DVR_LCD_SDI1621                                                       09/20/2022 11:21:33 PAGE 12  

 670   2                      if(*(pCaracter) >= 'A' && *(pCaracter) <= 'Z'){
 671   3                              LCD_SET_Char(cABC_LCD[*(pCaracter)-'A'], cPosition_On_LCD, iIndex_Text);
 672   3                              iIndex_Text--;                  
 673   3                      }
 674   2                      
 675   2                      if(*(pCaracter) == '.'){
 676   3                              
 677   3                              //sprintf(txt,"PosDec= %d \r\n\r\n",iPosicion_Decimal);                         
 678   3                                      //vSend_String_Usart(&huart1,txt);              
 679   3                                      
 680   3                              if(cPosition_On_LCD == LCD_PRECIO){     
 681   4               #if DISPLAY_20400047_EN > 0    
 682   4                                      if(iPosicion_Decimal == 2)
 683   4                                              Display.LCD_BUF[P_PRECIO_3]|=0x80;      
 684   4                     #endif                           
 685   4                                      if(iPosicion_Decimal == 3)
 686   4                                              Display.LCD_BUF[P_PRECIO_2]|=0x80;                              
 687   4                                      if(iPosicion_Decimal == 4)
 688   4                                              Display.LCD_BUF[P_PRECIO_1]|=0x80;                                                      
 689   4                              }
 690   3                              if(cPosition_On_LCD == LCD_PESO){                               
 691   4                                      if(iPosicion_Decimal == 2)
 692   4                                              Display.LCD_BUF[P_PESO_3]|=0x80;
 693   4                                      if(iPosicion_Decimal == 3)
 694   4                                              Display.LCD_BUF[P_PESO_2]|=0x80;
 695   4                                      if(iPosicion_Decimal == 4)
 696   4                                              Display.LCD_BUF[P_PESO_1]|=0x80;                                                        
 697   4                              }
 698   3                              if(cPosition_On_LCD == LCD_TOTAL){
 699   4                               #if DISPLAY_20400047_EN > 0    
 700   4                                      if(iPosicion_Decimal == 4)                                      
 701   4                                              Display.LCD_BUF[P_TOTAL_1]|=0x80;//sprintf(txt,"LCD_BUF[9]= d%d",Display.LCD_BUF[9]);                           
 702   4                                      if(iPosicion_Decimal == 3)
 703   4                                              Display.LCD_BUF[P_TOTAL_2]|=0x80;//vSend_String_Usart(&huart1,"CC ");
 704   4                               #else
                                              if(iPosicion_Decimal == 4)                                      
                                                      Display.LCD_BUF[P_TOTAL_2]|=0x80;//sprintf(txt,"LCD_BUF[9]= d%d",Display.LCD_BUF[9]);                           
                                              if(iPosicion_Decimal == 5)
                                                      Display.LCD_BUF[P_TOTAL_1]|=0x80;//vSend_String_Usart(&huart1,"CC ");                           
                                       #endif
 710   4                              }                                               
 711   3                      }
 712   2                      iPosicion_Decimal++;
 713   2                      pCaracter++;
 714   2              }
 715   1              
 716   1              Display.mode=LCD_DATA;
 717   1              Display.addr=0;
 718   1              Display.counter=sizeof(Display.LCD_BUF);        
 719   1              LCD_GLASS_Update();
 720   1      }
 721          
 722          void LCD_GLASS_Update(void){
 723   1              //char txt[10];int i;
 724   1              Display.mode=LCD_DATA;  
 725   1              /*for(i=0;i<16;i++){
 726   1                sprintf(txt, "%02x, ", Display.LCD_BUF[i]);
 727   1                      vSend_String_Usart(&huart1,txt);                                
 728   1              }
 729   1              vSend_String_Usart(&huart1," \r\n");    
 730   1              vSend_String_Usart(&huart1," \r\n");    */
 731   1              
C51 COMPILER V7.50   DVR_LCD_SDI1621                                                       09/20/2022 11:21:33 PAGE 13  

 732   1              write_lcd(Display);//Write data to the RAM                      
 733   1      }
 734          /*
 735          
 736                a7 a6 a5 a4 a3 a2 a1 a0
 737          20400021
 738                   / /////A4/////
 739                   /              /
 740                  A0             A5
 741                  /               /
 742                  /               /
 743                    /////A1//////
 744                  /               /
 745                  /               /
 746                  A2             A6
 747                  /               /
 748                  /               /
 749                   /////A3///////
 750                                           
 751                                           DISPLAY PC-HS
 752                   / /////A0/////
 753                   /              /
 754                  A1             A4
 755                  /               /
 756                  /               /
 757                    /////A5//////
 758                  /               /
 759                  /               /
 760                  A2             A6
 761                  /               /
 762                  /               /
 763                   /////A3///////
 764                                           
 765          */
 766          


MODULE INFORMATION:   STATIC OVERLAYABLE
   CODE SIZE        =   1581    ----
   CONSTANT SIZE    =     64    ----
   XDATA SIZE       =     58      40
   PDATA SIZE       =   ----    ----
   DATA SIZE        =   ----    ----
   IDATA SIZE       =   ----    ----
   BIT SIZE         =   ----    ----
END OF MODULE INFORMATION.


C51 COMPILATION COMPLETE.  0 WARNING(S),  0 ERROR(S)
